2019-08-20 15:48:39,992 - Created: 20 parsers.
2019-08-20 15:48:40,005 - Velocimacro : initialization starting.
2019-08-20 15:48:40,005 - Velocimacro : adding VMs from VM library template : VM_global_library.vm
2019-08-20 15:48:40,020 - ResourceManager : unable to find resource 'VM_global_library.vm' in any resource loader.
2019-08-20 15:48:40,020 - Velocimacro : error using  VM library template VM_global_library.vm : org.apache.velocity.exception.ResourceNotFoundException: Unable to find resource 'VM_global_library.vm'
2019-08-20 15:48:40,020 - Velocimacro :  VM library template macro registration complete.
2019-08-20 15:48:40,020 - Velocimacro : allowInline = true : VMs can be defined inline in templates
2019-08-20 15:48:40,020 - Velocimacro : allowInlineToOverride = false : VMs defined inline may NOT replace previous VM definitions
2019-08-20 15:48:40,020 - Velocimacro : allowInlineLocal = false : VMs defined inline will be  global in scope if allowed.
2019-08-20 15:48:40,020 - Velocimacro : messages on  : VM system will output logging messages
2019-08-20 15:48:40,020 - Velocimacro : autoload off  : VM system will not automatically reload global library macros
2019-08-20 15:48:40,020 - Velocimacro : initialization complete.
2019-08-20 15:48:40,020 - Velocity successfully started.
2019-08-20 16:30:48,002 - ResourceManager : found repast/simphony/scenario/Scenario.vt with loader org.apache.velocity.runtime.resource.loader.ClasspathResourceLoader
2019-08-20 16:31:06,538 - SimpleLog4JLogSystem initialized using logfile 'velocity.log'
2019-08-20 16:31:06,538 - ************************************************************** 
2019-08-20 16:31:06,538 - Starting Jakarta Velocity v1.4
2019-08-20 16:31:06,539 - RuntimeInstance initializing.
2019-08-20 16:31:06,539 - Default Properties File: org\apache\velocity\runtime\defaults\velocity.properties
2019-08-20 16:31:06,539 - Trying to use logger class org.apache.velocity.runtime.log.SimpleLog4JLogSystem
2019-08-20 16:31:06,539 - Using logger class org.apache.velocity.runtime.log.SimpleLog4JLogSystem
2019-08-20 16:31:06,544 - Default ResourceManager initializing. (class org.apache.velocity.runtime.resource.ResourceManagerImpl)
2019-08-20 16:31:06,549 - Resource Loader Instantiated: org.apache.velocity.runtime.resource.loader.ClasspathResourceLoader
2019-08-20 16:31:06,549 - ClasspathResourceLoader : initialization starting.
2019-08-20 16:31:06,549 - ClasspathResourceLoader : initialization complete.
2019-08-20 16:31:06,552 - ResourceCache : initialized. (class org.apache.velocity.runtime.resource.ResourceCacheImpl)
2019-08-20 16:31:06,552 - Default ResourceManager initialization complete.
2019-08-20 16:31:06,557 - Loaded System Directive: org.apache.velocity.runtime.directive.Literal
2019-08-20 16:31:06,560 - Loaded System Directive: org.apache.velocity.runtime.directive.Macro
2019-08-20 16:31:06,564 - Loaded System Directive: org.apache.velocity.runtime.directive.Parse
2019-08-20 16:31:06,567 - Loaded System Directive: org.apache.velocity.runtime.directive.Include
2019-08-20 16:31:06,568 - Loaded System Directive: org.apache.velocity.runtime.directive.Foreach
2019-08-20 16:31:06,606 - Created: 20 parsers.
2019-08-20 16:31:06,623 - Velocimacro : initialization starting.
2019-08-20 16:31:06,623 - Velocimacro : adding VMs from VM library template : VM_global_library.vm
2019-08-20 16:31:06,636 - ResourceManager : unable to find resource 'VM_global_library.vm' in any resource loader.
2019-08-20 16:31:06,636 - Velocimacro : error using  VM library template VM_global_library.vm : org.apache.velocity.exception.ResourceNotFoundException: Unable to find resource 'VM_global_library.vm'
2019-08-20 16:31:06,636 - Velocimacro :  VM library template macro registration complete.
2019-08-20 16:31:06,636 - Velocimacro : allowInline = true : VMs can be defined inline in templates
2019-08-20 16:31:06,636 - Velocimacro : allowInlineToOverride = false : VMs defined inline may NOT replace previous VM definitions
2019-08-20 16:31:06,636 - Velocimacro : allowInlineLocal = false : VMs defined inline will be  global in scope if allowed.
2019-08-20 16:31:06,636 - Velocimacro : messages on  : VM system will output logging messages
2019-08-20 16:31:06,636 - Velocimacro : autoload off  : VM system will not automatically reload global library macros
2019-08-20 16:31:06,636 - Velocimacro : initialization complete.
2019-08-20 16:31:06,636 - Velocity successfully started.
2019-08-20 16:49:20,111 - SimpleLog4JLogSystem initialized using logfile 'velocity.log'
2019-08-20 16:49:20,111 - ************************************************************** 
2019-08-20 16:49:20,111 - Starting Jakarta Velocity v1.4
2019-08-20 16:49:20,111 - RuntimeInstance initializing.
2019-08-20 16:49:20,111 - Default Properties File: org\apache\velocity\runtime\defaults\velocity.properties
2019-08-20 16:49:20,111 - Trying to use logger class org.apache.velocity.runtime.log.SimpleLog4JLogSystem
2019-08-20 16:49:20,111 - Using logger class org.apache.velocity.runtime.log.SimpleLog4JLogSystem
2019-08-20 16:49:20,117 - Default ResourceManager initializing. (class org.apache.velocity.runtime.resource.ResourceManagerImpl)
2019-08-20 16:49:20,122 - Resource Loader Instantiated: org.apache.velocity.runtime.resource.loader.ClasspathResourceLoader
2019-08-20 16:49:20,122 - ClasspathResourceLoader : initialization starting.
2019-08-20 16:49:20,123 - ClasspathResourceLoader : initialization complete.
2019-08-20 16:49:20,126 - ResourceCache : initialized. (class org.apache.velocity.runtime.resource.ResourceCacheImpl)
2019-08-20 16:49:20,126 - Default ResourceManager initialization complete.
2019-08-20 16:49:20,131 - Loaded System Directive: org.apache.velocity.runtime.directive.Literal
2019-08-20 16:49:20,134 - Loaded System Directive: org.apache.velocity.runtime.directive.Macro
2019-08-20 16:49:20,139 - Loaded System Directive: org.apache.velocity.runtime.directive.Parse
2019-08-20 16:49:20,143 - Loaded System Directive: org.apache.velocity.runtime.directive.Include
2019-08-20 16:49:20,144 - Loaded System Directive: org.apache.velocity.runtime.directive.Foreach
2019-08-20 16:49:20,185 - Created: 20 parsers.
2019-08-20 16:49:20,197 - Velocimacro : initialization starting.
2019-08-20 16:49:20,197 - Velocimacro : adding VMs from VM library template : VM_global_library.vm
2019-08-20 16:49:20,214 - ResourceManager : unable to find resource 'VM_global_library.vm' in any resource loader.
2019-08-20 16:49:20,214 - Velocimacro : error using  VM library template VM_global_library.vm : org.apache.velocity.exception.ResourceNotFoundException: Unable to find resource 'VM_global_library.vm'
2019-08-20 16:49:20,214 - Velocimacro :  VM library template macro registration complete.
2019-08-20 16:49:20,215 - Velocimacro : allowInline = true : VMs can be defined inline in templates
2019-08-20 16:49:20,215 - Velocimacro : allowInlineToOverride = false : VMs defined inline may NOT replace previous VM definitions
2019-08-20 16:49:20,215 - Velocimacro : allowInlineLocal = false : VMs defined inline will be  global in scope if allowed.
2019-08-20 16:49:20,215 - Velocimacro : messages on  : VM system will output logging messages
2019-08-20 16:49:20,215 - Velocimacro : autoload off  : VM system will not automatically reload global library macros
2019-08-20 16:49:20,215 - Velocimacro : initialization complete.
2019-08-20 16:49:20,215 - Velocity successfully started.
2019-08-20 16:58:12,577 - SimpleLog4JLogSystem initialized using logfile 'velocity.log'
2019-08-20 16:58:12,578 - ************************************************************** 
2019-08-20 16:58:12,578 - Starting Jakarta Velocity v1.4
2019-08-20 16:58:12,578 - RuntimeInstance initializing.
2019-08-20 16:58:12,578 - Default Properties File: org\apache\velocity\runtime\defaults\velocity.properties
2019-08-20 16:58:12,578 - Trying to use logger class org.apache.velocity.runtime.log.SimpleLog4JLogSystem
2019-08-20 16:58:12,578 - Using logger class org.apache.velocity.runtime.log.SimpleLog4JLogSystem
2019-08-20 16:58:12,592 - Default ResourceManager initializing. (class org.apache.velocity.runtime.resource.ResourceManagerImpl)
2019-08-20 16:58:12,600 - Resource Loader Instantiated: org.apache.velocity.runtime.resource.loader.ClasspathResourceLoader
2019-08-20 16:58:12,600 - ClasspathResourceLoader : initialization starting.
2019-08-20 16:58:12,600 - ClasspathResourceLoader : initialization complete.
2019-08-20 16:58:12,603 - ResourceCache : initialized. (class org.apache.velocity.runtime.resource.ResourceCacheImpl)
2019-08-20 16:58:12,603 - Default ResourceManager initialization complete.
2019-08-20 16:58:12,611 - Loaded System Directive: org.apache.velocity.runtime.directive.Literal
2019-08-20 16:58:12,614 - Loaded System Directive: org.apache.velocity.runtime.directive.Macro
2019-08-20 16:58:12,622 - Loaded System Directive: org.apache.velocity.runtime.directive.Parse
2019-08-20 16:58:12,628 - Loaded System Directive: org.apache.velocity.runtime.directive.Include
2019-08-20 16:58:12,636 - Loaded System Directive: org.apache.velocity.runtime.directive.Foreach
2019-08-20 16:58:12,726 - Created: 20 parsers.
2019-08-20 16:58:12,761 - Velocimacro : initialization starting.
2019-08-20 16:58:12,762 - Velocimacro : adding VMs from VM library template : VM_global_library.vm
2019-08-20 16:58:12,794 - ResourceManager : unable to find resource 'VM_global_library.vm' in any resource loader.
2019-08-20 16:58:12,794 - Velocimacro : error using  VM library template VM_global_library.vm : org.apache.velocity.exception.ResourceNotFoundException: Unable to find resource 'VM_global_library.vm'
2019-08-20 16:58:12,794 - Velocimacro :  VM library template macro registration complete.
2019-08-20 16:58:12,794 - Velocimacro : allowInline = true : VMs can be defined inline in templates
2019-08-20 16:58:12,795 - Velocimacro : allowInlineToOverride = false : VMs defined inline may NOT replace previous VM definitions
2019-08-20 16:58:12,795 - Velocimacro : allowInlineLocal = false : VMs defined inline will be  global in scope if allowed.
2019-08-20 16:58:12,795 - Velocimacro : messages on  : VM system will output logging messages
2019-08-20 16:58:12,795 - Velocimacro : autoload off  : VM system will not automatically reload global library macros
2019-08-20 16:58:12,795 - Velocimacro : initialization complete.
2019-08-20 16:58:12,795 - Velocity successfully started.
2019-08-20 17:10:59,725 - SimpleLog4JLogSystem initialized using logfile 'velocity.log'
2019-08-20 17:10:59,726 - ************************************************************** 
2019-08-20 17:10:59,726 - Starting Jakarta Velocity v1.4
2019-08-20 17:10:59,726 - RuntimeInstance initializing.
2019-08-20 17:10:59,726 - Default Properties File: org\apache\velocity\runtime\defaults\velocity.properties
2019-08-20 17:10:59,726 - Trying to use logger class org.apache.velocity.runtime.log.SimpleLog4JLogSystem
2019-08-20 17:10:59,726 - Using logger class org.apache.velocity.runtime.log.SimpleLog4JLogSystem
2019-08-20 17:10:59,731 - Default ResourceManager initializing. (class org.apache.velocity.runtime.resource.ResourceManagerImpl)
2019-08-20 17:10:59,736 - Resource Loader Instantiated: org.apache.velocity.runtime.resource.loader.ClasspathResourceLoader
2019-08-20 17:10:59,736 - ClasspathResourceLoader : initialization starting.
2019-08-20 17:10:59,736 - ClasspathResourceLoader : initialization complete.
2019-08-20 17:10:59,738 - ResourceCache : initialized. (class org.apache.velocity.runtime.resource.ResourceCacheImpl)
2019-08-20 17:10:59,739 - Default ResourceManager initialization complete.
2019-08-20 17:10:59,744 - Loaded System Directive: org.apache.velocity.runtime.directive.Literal
2019-08-20 17:10:59,747 - Loaded System Directive: org.apache.velocity.runtime.directive.Macro
2019-08-20 17:10:59,751 - Loaded System Directive: org.apache.velocity.runtime.directive.Parse
2019-08-20 17:10:59,754 - Loaded System Directive: org.apache.velocity.runtime.directive.Include
2019-08-20 17:10:59,756 - Loaded System Directive: org.apache.velocity.runtime.directive.Foreach
2019-08-20 17:10:59,798 - Created: 20 parsers.
2019-08-20 17:10:59,811 - Velocimacro : initialization starting.
2019-08-20 17:10:59,811 - Velocimacro : adding VMs from VM library template : VM_global_library.vm
2019-08-20 17:10:59,829 - ResourceManager : unable to find resource 'VM_global_library.vm' in any resource loader.
2019-08-20 17:10:59,829 - Velocimacro : error using  VM library template VM_global_library.vm : org.apache.velocity.exception.ResourceNotFoundException: Unable to find resource 'VM_global_library.vm'
2019-08-20 17:10:59,829 - Velocimacro :  VM library template macro registration complete.
2019-08-20 17:10:59,829 - Velocimacro : allowInline = true : VMs can be defined inline in templates
2019-08-20 17:10:59,829 - Velocimacro : allowInlineToOverride = false : VMs defined inline may NOT replace previous VM definitions
2019-08-20 17:10:59,829 - Velocimacro : allowInlineLocal = false : VMs defined inline will be  global in scope if allowed.
2019-08-20 17:10:59,829 - Velocimacro : messages on  : VM system will output logging messages
2019-08-20 17:10:59,830 - Velocimacro : autoload off  : VM system will not automatically reload global library macros
2019-08-20 17:10:59,830 - Velocimacro : initialization complete.
2019-08-20 17:10:59,830 - Velocity successfully started.
2019-08-20 17:28:10,338 - SimpleLog4JLogSystem initialized using logfile 'velocity.log'
2019-08-20 17:28:10,338 - ************************************************************** 
2019-08-20 17:28:10,339 - Starting Jakarta Velocity v1.4
2019-08-20 17:28:10,339 - RuntimeInstance initializing.
2019-08-20 17:28:10,339 - Default Properties File: org\apache\velocity\runtime\defaults\velocity.properties
2019-08-20 17:28:10,339 - Trying to use logger class org.apache.velocity.runtime.log.SimpleLog4JLogSystem
2019-08-20 17:28:10,339 - Using logger class org.apache.velocity.runtime.log.SimpleLog4JLogSystem
2019-08-20 17:28:10,342 - Default ResourceManager initializing. (class org.apache.velocity.runtime.resource.ResourceManagerImpl)
2019-08-20 17:28:10,346 - Resource Loader Instantiated: org.apache.velocity.runtime.resource.loader.ClasspathResourceLoader
2019-08-20 17:28:10,346 - ClasspathResourceLoader : initialization starting.
2019-08-20 17:28:10,347 - ClasspathResourceLoader : initialization complete.
2019-08-20 17:28:10,349 - ResourceCache : initialized. (class org.apache.velocity.runtime.resource.ResourceCacheImpl)
2019-08-20 17:28:10,349 - Default ResourceManager initialization complete.
2019-08-20 17:28:10,356 - Loaded System Directive: org.apache.velocity.runtime.directive.Literal
2019-08-20 17:28:10,360 - Loaded System Directive: org.apache.velocity.runtime.directive.Macro
2019-08-20 17:28:10,364 - Loaded System Directive: org.apache.velocity.runtime.directive.Parse
2019-08-20 17:28:10,368 - Loaded System Directive: org.apache.velocity.runtime.directive.Include
2019-08-20 17:28:10,369 - Loaded System Directive: org.apache.velocity.runtime.directive.Foreach
2019-08-20 17:28:10,407 - Created: 20 parsers.
2019-08-20 17:28:10,420 - Velocimacro : initialization starting.
2019-08-20 17:28:10,420 - Velocimacro : adding VMs from VM library template : VM_global_library.vm
2019-08-20 17:28:10,435 - ResourceManager : unable to find resource 'VM_global_library.vm' in any resource loader.
2019-08-20 17:28:10,435 - Velocimacro : error using  VM library template VM_global_library.vm : org.apache.velocity.exception.ResourceNotFoundException: Unable to find resource 'VM_global_library.vm'
2019-08-20 17:28:10,435 - Velocimacro :  VM library template macro registration complete.
2019-08-20 17:28:10,435 - Velocimacro : allowInline = true : VMs can be defined inline in templates
2019-08-20 17:28:10,436 - Velocimacro : allowInlineToOverride = false : VMs defined inline may NOT replace previous VM definitions
2019-08-20 17:28:10,436 - Velocimacro : allowInlineLocal = false : VMs defined inline will be  global in scope if allowed.
2019-08-20 17:28:10,436 - Velocimacro : messages on  : VM system will output logging messages
2019-08-20 17:28:10,436 - Velocimacro : autoload off  : VM system will not automatically reload global library macros
2019-08-20 17:28:10,436 - Velocimacro : initialization complete.
2019-08-20 17:28:10,436 - Velocity successfully started.
2019-08-20 17:41:04,434 - SimpleLog4JLogSystem initialized using logfile 'velocity.log'
2019-08-20 17:41:04,435 - ************************************************************** 
2019-08-20 17:41:04,435 - Starting Jakarta Velocity v1.4
2019-08-20 17:41:04,435 - RuntimeInstance initializing.
2019-08-20 17:41:04,435 - Default Properties File: org\apache\velocity\runtime\defaults\velocity.properties
2019-08-20 17:41:04,435 - Trying to use logger class org.apache.velocity.runtime.log.SimpleLog4JLogSystem
2019-08-20 17:41:04,435 - Using logger class org.apache.velocity.runtime.log.SimpleLog4JLogSystem
2019-08-20 17:41:04,438 - Default ResourceManager initializing. (class org.apache.velocity.runtime.resource.ResourceManagerImpl)
2019-08-20 17:41:04,443 - Resource Loader Instantiated: org.apache.velocity.runtime.resource.loader.ClasspathResourceLoader
2019-08-20 17:41:04,443 - ClasspathResourceLoader : initialization starting.
2019-08-20 17:41:04,443 - ClasspathResourceLoader : initialization complete.
2019-08-20 17:41:04,446 - ResourceCache : initialized. (class org.apache.velocity.runtime.resource.ResourceCacheImpl)
2019-08-20 17:41:04,446 - Default ResourceManager initialization complete.
2019-08-20 17:41:04,451 - Loaded System Directive: org.apache.velocity.runtime.directive.Literal
2019-08-20 17:41:04,454 - Loaded System Directive: org.apache.velocity.runtime.directive.Macro
2019-08-20 17:41:04,459 - Loaded System Directive: org.apache.velocity.runtime.directive.Parse
2019-08-20 17:41:04,462 - Loaded System Directive: org.apache.velocity.runtime.directive.Include
2019-08-20 17:41:04,463 - Loaded System Directive: org.apache.velocity.runtime.directive.Foreach
2019-08-20 17:41:04,500 - Created: 20 parsers.
2019-08-20 17:41:04,512 - Velocimacro : initialization starting.
2019-08-20 17:41:04,513 - Velocimacro : adding VMs from VM library template : VM_global_library.vm
2019-08-20 17:41:04,527 - ResourceManager : unable to find resource 'VM_global_library.vm' in any resource loader.
2019-08-20 17:41:04,527 - Velocimacro : error using  VM library template VM_global_library.vm : org.apache.velocity.exception.ResourceNotFoundException: Unable to find resource 'VM_global_library.vm'
2019-08-20 17:41:04,527 - Velocimacro :  VM library template macro registration complete.
2019-08-20 17:41:04,527 - Velocimacro : allowInline = true : VMs can be defined inline in templates
2019-08-20 17:41:04,527 - Velocimacro : allowInlineToOverride = false : VMs defined inline may NOT replace previous VM definitions
2019-08-20 17:41:04,527 - Velocimacro : allowInlineLocal = false : VMs defined inline will be  global in scope if allowed.
2019-08-20 17:41:04,527 - Velocimacro : messages on  : VM system will output logging messages
2019-08-20 17:41:04,528 - Velocimacro : autoload off  : VM system will not automatically reload global library macros
2019-08-20 17:41:04,528 - Velocimacro : initialization complete.
2019-08-20 17:41:04,528 - Velocity successfully started.
2019-08-20 20:14:12,600 - SimpleLog4JLogSystem initialized using logfile 'velocity.log'
2019-08-20 20:14:12,600 - ************************************************************** 
2019-08-20 20:14:12,600 - Starting Jakarta Velocity v1.4
2019-08-20 20:14:12,601 - RuntimeInstance initializing.
2019-08-20 20:14:12,601 - Default Properties File: org\apache\velocity\runtime\defaults\velocity.properties
2019-08-20 20:14:12,601 - Trying to use logger class org.apache.velocity.runtime.log.SimpleLog4JLogSystem
2019-08-20 20:14:12,601 - Using logger class org.apache.velocity.runtime.log.SimpleLog4JLogSystem
2019-08-20 20:14:12,606 - Default ResourceManager initializing. (class org.apache.velocity.runtime.resource.ResourceManagerImpl)
2019-08-20 20:14:12,611 - Resource Loader Instantiated: org.apache.velocity.runtime.resource.loader.ClasspathResourceLoader
2019-08-20 20:14:12,611 - ClasspathResourceLoader : initialization starting.
2019-08-20 20:14:12,612 - ClasspathResourceLoader : initialization complete.
2019-08-20 20:14:12,615 - ResourceCache : initialized. (class org.apache.velocity.runtime.resource.ResourceCacheImpl)
2019-08-20 20:14:12,615 - Default ResourceManager initialization complete.
2019-08-20 20:14:12,620 - Loaded System Directive: org.apache.velocity.runtime.directive.Literal
2019-08-20 20:14:12,624 - Loaded System Directive: org.apache.velocity.runtime.directive.Macro
2019-08-20 20:14:12,628 - Loaded System Directive: org.apache.velocity.runtime.directive.Parse
2019-08-20 20:14:12,631 - Loaded System Directive: org.apache.velocity.runtime.directive.Include
2019-08-20 20:14:12,634 - Loaded System Directive: org.apache.velocity.runtime.directive.Foreach
2019-08-20 20:14:12,677 - Created: 20 parsers.
2019-08-20 20:14:12,688 - Velocimacro : initialization starting.
2019-08-20 20:14:12,688 - Velocimacro : adding VMs from VM library template : VM_global_library.vm
2019-08-20 20:14:12,703 - ResourceManager : unable to find resource 'VM_global_library.vm' in any resource loader.
2019-08-20 20:14:12,704 - Velocimacro : error using  VM library template VM_global_library.vm : org.apache.velocity.exception.ResourceNotFoundException: Unable to find resource 'VM_global_library.vm'
2019-08-20 20:14:12,704 - Velocimacro :  VM library template macro registration complete.
2019-08-20 20:14:12,704 - Velocimacro : allowInline = true : VMs can be defined inline in templates
2019-08-20 20:14:12,704 - Velocimacro : allowInlineToOverride = false : VMs defined inline may NOT replace previous VM definitions
2019-08-20 20:14:12,704 - Velocimacro : allowInlineLocal = false : VMs defined inline will be  global in scope if allowed.
2019-08-20 20:14:12,704 - Velocimacro : messages on  : VM system will output logging messages
2019-08-20 20:14:12,704 - Velocimacro : autoload off  : VM system will not automatically reload global library macros
2019-08-20 20:14:12,704 - Velocimacro : initialization complete.
2019-08-20 20:14:12,704 - Velocity successfully started.
2019-08-20 20:27:46,394 - SimpleLog4JLogSystem initialized using logfile 'velocity.log'
2019-08-20 20:27:46,394 - ************************************************************** 
2019-08-20 20:27:46,394 - Starting Jakarta Velocity v1.4
2019-08-20 20:27:46,394 - RuntimeInstance initializing.
2019-08-20 20:27:46,394 - Default Properties File: org\apache\velocity\runtime\defaults\velocity.properties
2019-08-20 20:27:46,395 - Trying to use logger class org.apache.velocity.runtime.log.SimpleLog4JLogSystem
2019-08-20 20:27:46,395 - Using logger class org.apache.velocity.runtime.log.SimpleLog4JLogSystem
2019-08-20 20:27:46,404 - Default ResourceManager initializing. (class org.apache.velocity.runtime.resource.ResourceManagerImpl)
2019-08-20 20:27:46,409 - Resource Loader Instantiated: org.apache.velocity.runtime.resource.loader.ClasspathResourceLoader
2019-08-20 20:27:46,409 - ClasspathResourceLoader : initialization starting.
2019-08-20 20:27:46,409 - ClasspathResourceLoader : initialization complete.
2019-08-20 20:27:46,412 - ResourceCache : initialized. (class org.apache.velocity.runtime.resource.ResourceCacheImpl)
2019-08-20 20:27:46,412 - Default ResourceManager initialization complete.
2019-08-20 20:27:46,416 - Loaded System Directive: org.apache.velocity.runtime.directive.Literal
2019-08-20 20:27:46,420 - Loaded System Directive: org.apache.velocity.runtime.directive.Macro
2019-08-20 20:27:46,424 - Loaded System Directive: org.apache.velocity.runtime.directive.Parse
2019-08-20 20:27:46,427 - Loaded System Directive: org.apache.velocity.runtime.directive.Include
2019-08-20 20:27:46,429 - Loaded System Directive: org.apache.velocity.runtime.directive.Foreach
2019-08-20 20:27:46,465 - Created: 20 parsers.
2019-08-20 20:27:46,477 - Velocimacro : initialization starting.
2019-08-20 20:27:46,477 - Velocimacro : adding VMs from VM library template : VM_global_library.vm
2019-08-20 20:27:46,493 - ResourceManager : unable to find resource 'VM_global_library.vm' in any resource loader.
2019-08-20 20:27:46,494 - Velocimacro : error using  VM library template VM_global_library.vm : org.apache.velocity.exception.ResourceNotFoundException: Unable to find resource 'VM_global_library.vm'
2019-08-20 20:27:46,494 - Velocimacro :  VM library template macro registration complete.
2019-08-20 20:27:46,494 - Velocimacro : allowInline = true : VMs can be defined inline in templates
2019-08-20 20:27:46,494 - Velocimacro : allowInlineToOverride = false : VMs defined inline may NOT replace previous VM definitions
2019-08-20 20:27:46,494 - Velocimacro : allowInlineLocal = false : VMs defined inline will be  global in scope if allowed.
2019-08-20 20:27:46,494 - Velocimacro : messages on  : VM system will output logging messages
2019-08-20 20:27:46,494 - Velocimacro : autoload off  : VM system will not automatically reload global library macros
2019-08-20 20:27:46,494 - Velocimacro : initialization complete.
2019-08-20 20:27:46,494 - Velocity successfully started.
2019-08-21 12:23:29,402 - SimpleLog4JLogSystem initialized using logfile 'velocity.log'
2019-08-21 12:23:29,403 - ************************************************************** 
2019-08-21 12:23:29,403 - Starting Jakarta Velocity v1.4
2019-08-21 12:23:29,403 - RuntimeInstance initializing.
2019-08-21 12:23:29,404 - Default Properties File: org\apache\velocity\runtime\defaults\velocity.properties
2019-08-21 12:23:29,404 - Trying to use logger class org.apache.velocity.runtime.log.SimpleLog4JLogSystem
2019-08-21 12:23:29,404 - Using logger class org.apache.velocity.runtime.log.SimpleLog4JLogSystem
2019-08-21 12:23:29,412 - Default ResourceManager initializing. (class org.apache.velocity.runtime.resource.ResourceManagerImpl)
2019-08-21 12:23:29,418 - Resource Loader Instantiated: org.apache.velocity.runtime.resource.loader.ClasspathResourceLoader
2019-08-21 12:23:29,418 - ClasspathResourceLoader : initialization starting.
2019-08-21 12:23:29,418 - ClasspathResourceLoader : initialization complete.
2019-08-21 12:23:29,421 - ResourceCache : initialized. (class org.apache.velocity.runtime.resource.ResourceCacheImpl)
2019-08-21 12:23:29,421 - Default ResourceManager initialization complete.
2019-08-21 12:23:29,426 - Loaded System Directive: org.apache.velocity.runtime.directive.Literal
2019-08-21 12:23:29,430 - Loaded System Directive: org.apache.velocity.runtime.directive.Macro
2019-08-21 12:23:29,443 - Loaded System Directive: org.apache.velocity.runtime.directive.Parse
2019-08-21 12:23:29,447 - Loaded System Directive: org.apache.velocity.runtime.directive.Include
2019-08-21 12:23:29,449 - Loaded System Directive: org.apache.velocity.runtime.directive.Foreach
2019-08-21 12:23:29,495 - Created: 20 parsers.
2019-08-21 12:23:29,510 - Velocimacro : initialization starting.
2019-08-21 12:23:29,510 - Velocimacro : adding VMs from VM library template : VM_global_library.vm
2019-08-21 12:23:29,539 - ResourceManager : unable to find resource 'VM_global_library.vm' in any resource loader.
2019-08-21 12:23:29,539 - Velocimacro : error using  VM library template VM_global_library.vm : org.apache.velocity.exception.ResourceNotFoundException: Unable to find resource 'VM_global_library.vm'
2019-08-21 12:23:29,539 - Velocimacro :  VM library template macro registration complete.
2019-08-21 12:23:29,539 - Velocimacro : allowInline = true : VMs can be defined inline in templates
2019-08-21 12:23:29,540 - Velocimacro : allowInlineToOverride = false : VMs defined inline may NOT replace previous VM definitions
2019-08-21 12:23:29,540 - Velocimacro : allowInlineLocal = false : VMs defined inline will be  global in scope if allowed.
2019-08-21 12:23:29,540 - Velocimacro : messages on  : VM system will output logging messages
2019-08-21 12:23:29,540 - Velocimacro : autoload off  : VM system will not automatically reload global library macros
2019-08-21 12:23:29,540 - Velocimacro : initialization complete.
2019-08-21 12:23:29,540 - Velocity successfully started.
2019-09-12 10:05:01,284 - SimpleLog4JLogSystem initialized using logfile 'velocity.log'
2019-09-12 10:05:01,285 - ************************************************************** 
2019-09-12 10:05:01,285 - Starting Jakarta Velocity v1.4
2019-09-12 10:05:01,285 - RuntimeInstance initializing.
2019-09-12 10:05:01,285 - Default Properties File: org\apache\velocity\runtime\defaults\velocity.properties
2019-09-12 10:05:01,285 - Trying to use logger class org.apache.velocity.runtime.log.SimpleLog4JLogSystem
2019-09-12 10:05:01,285 - Using logger class org.apache.velocity.runtime.log.SimpleLog4JLogSystem
2019-09-12 10:05:01,288 - Default ResourceManager initializing. (class org.apache.velocity.runtime.resource.ResourceManagerImpl)
2019-09-12 10:05:01,292 - Resource Loader Instantiated: org.apache.velocity.runtime.resource.loader.ClasspathResourceLoader
2019-09-12 10:05:01,293 - ClasspathResourceLoader : initialization starting.
2019-09-12 10:05:01,293 - ClasspathResourceLoader : initialization complete.
2019-09-12 10:05:01,296 - ResourceCache : initialized. (class org.apache.velocity.runtime.resource.ResourceCacheImpl)
2019-09-12 10:05:01,296 - Default ResourceManager initialization complete.
2019-09-12 10:05:01,304 - Loaded System Directive: org.apache.velocity.runtime.directive.Literal
2019-09-12 10:05:01,308 - Loaded System Directive: org.apache.velocity.runtime.directive.Macro
2019-09-12 10:05:01,312 - Loaded System Directive: org.apache.velocity.runtime.directive.Parse
2019-09-12 10:05:01,315 - Loaded System Directive: org.apache.velocity.runtime.directive.Include
2019-09-12 10:05:01,317 - Loaded System Directive: org.apache.velocity.runtime.directive.Foreach
2019-09-12 10:05:01,376 - Created: 20 parsers.
2019-09-12 10:05:01,389 - Velocimacro : initialization starting.
2019-09-12 10:05:01,389 - Velocimacro : adding VMs from VM library template : VM_global_library.vm
2019-09-12 10:05:01,410 - ResourceManager : unable to find resource 'VM_global_library.vm' in any resource loader.
2019-09-12 10:05:01,410 - Velocimacro : error using  VM library template VM_global_library.vm : org.apache.velocity.exception.ResourceNotFoundException: Unable to find resource 'VM_global_library.vm'
2019-09-12 10:05:01,410 - Velocimacro :  VM library template macro registration complete.
2019-09-12 10:05:01,410 - Velocimacro : allowInline = true : VMs can be defined inline in templates
2019-09-12 10:05:01,410 - Velocimacro : allowInlineToOverride = false : VMs defined inline may NOT replace previous VM definitions
2019-09-12 10:05:01,410 - Velocimacro : allowInlineLocal = false : VMs defined inline will be  global in scope if allowed.
2019-09-12 10:05:01,410 - Velocimacro : messages on  : VM system will output logging messages
2019-09-12 10:05:01,410 - Velocimacro : autoload off  : VM system will not automatically reload global library macros
2019-09-12 10:05:01,410 - Velocimacro : initialization complete.
2019-09-12 10:05:01,410 - Velocity successfully started.
